<?xml version="1.0" encoding="UTF-8"?>
<!-- Generated by org.testng.reporters.JUnitReportReporter -->
<testsuite name="RunnerTestIOS" tests="1" time="0.007" ignored="0" failures="0" timestamp="25 Sep 2018 04:23:01 GMT" skipped="0" hostname="rraffi-m01" errors="0">
  <testcase name="testUntitled" time="0.007" classname="RunnerTestIOS"/>
</testsuite> <!-- RunnerTestIOS -->
