<?xml version="1.0" encoding="UTF-8"?>
<!-- Generated by org.testng.reporters.JUnitReportReporter -->
<testsuite name="RunnerTestAndroid" tests="1" time="0.009" ignored="0" failures="0" timestamp="24 Sep 2018 22:33:57 GMT" skipped="0" hostname="rraffi-m01" errors="0">
  <testcase name="testUntitled" time="0.009" classname="RunnerTestAndroid"/>
</testsuite> <!-- RunnerTestAndroid -->
